Base path: /Users/arielkellison/FPTaylor
Config file: /Users/arielkellison/FPTaylor/default.cfg
Config file: config.cfg
default-rnd = rnd64
nlopt-cc = gcc -std=c99 -O3
opt-exact = true
develop = false
log-append-date = start
uncertainty = false
rel-error = true
opt-approx = false
proof-record = false
find-bounds = false
proof-dir = proofs
opt-f-abs-tol = 0.01
fail-on-exception = true
print-opt-lower-bounds = true
bb-compile = {base}/b_and_b/compile.sh {base} {input} {out}
z3-python-lib = 
opt-x-abs-tol = 0.01
export-error-bounds = 
opt-f-rel-tol = 0.01
export-options = 
opt-x-rel-tol = 0.0
rel-error-threshold = 0.0001
bb-alg = opt0
log-base-dir = log
intermediate-opt = false
z3-interval-bounds = true
opt-max-iters = 1000000
abs-error = true
z3-bin = 
maxima-simplification = false
print-hex-floats = true
debug = true
print-precision = 7
export-error-bounds-data = 
fp-power2-model = true
opt = auto
default-var-type = float64
verbosity = 2
ulp-error = false
opt-timeout = 10000
nlopt-lib = -lnlopt -lm
tmp-base-dir = tmp
unique-indices = false
z3-seed = 0
tmp-date = false
z3-python-cmd = python
const-approx-real-vars = false
print-second-order-errors = false
Resetting input_parser_env
eval_const_expr: 1
result: 1
eval_const_expr: 1000
result: 1000
eval_const_expr: 0
result: 0
eval_const_expr: 1000
result: 1000
eval_const_expr: 1
result: 1
Resetting input_parser_env
|tasks| = 1
Processing: sqrt_add

*************************************
Taylor form for: rnd64_up((rnd64_up(1) / rnd64_up((rnd64_up(sqrt(rnd64_up((rnd64_up(x) + rnd64_up(1))))) + rnd64_up(sqrt(rnd64_up(x)))))))

Conservative bound: [0.015807, 0.414214]

Simplified rounding: rnd64_up((1 / rnd[64,up,2.00,-53,0]((rnd[64,up,2.00,-53,0](sqrt(rnd[64,up,2.00,-53,0]((rnd64_up(x) + 1)))) + rnd[64,up,2.00,-53,0](sqrt(rnd64_up(x)))))))
Building Taylor forms...
const_form
var_rnd_form
add_form
rounded_form
sqrt_form
rounded_form
sqrt_form
rounded_form
add_form
rounded_form
div_form
inv_form
mul_form
rounded_form
Taylor forms cache stats: num_bindings = 12, num_buckets = 1024, max_bucket_length = 1
Expr cache stats: num_bindings = 60, num_buckets = 65536, max_bucket_length = 1
Simplifying Taylor forms...
success
v0 = (1 * (1 / (sqrt((x + 1)) + sqrt(x))))
-1: exp = -53: (801132411738327/38685626227668133590597632)
1: exp = -53: (1 * (-(((((2 * floor_power2(x)) / (2 * sqrt((x + 1)))) + ((2 * floor_power2(x)) / (2 * sqrt(x)))) / ((sqrt((x + 1)) + sqrt(x)) * (sqrt((x + 1)) + sqrt(x)))))))
2: exp = -53: (1 * (-((((2 * floor_power2(((x + 1) + interval(-1.13686837721616029739e-13, 1.13686837721616029739e-13)))) / (2 * sqrt((x + 1)))) / ((sqrt((x + 1)) + sqrt(x)) * (sqrt((x + 1)) + sqrt(x)))))))
3: exp = -53: (1 * (-(((2 * floor_power2((sqrt((x + 1)) + interval(-8.03887338846115983209e-14, 8.03887338846115983209e-14)))) / ((sqrt((x + 1)) + sqrt(x)) * (sqrt((x + 1)) + sqrt(x)))))))
4: exp = -53: (1 * (-(((2 * floor_power2((sqrt(x) + interval(-5.68434188608096430786e-14, 5.68434188608096430786e-14)))) / ((sqrt((x + 1)) + sqrt(x)) * (sqrt((x + 1)) + sqrt(x)))))))
5: exp = -53: (1 * (-(((2 * floor_power2(((sqrt((x + 1)) + sqrt(x)) + interval(-1.44337580103022230636e-13, 1.44337580103022230636e-13)))) / ((sqrt((x + 1)) + sqrt(x)) * (sqrt((x + 1)) + sqrt(x)))))))
6: exp = -53: (2 * floor_power2(((1 * (1 / (sqrt((x + 1)) + sqrt(x)))) + interval(-2.59835122271049534908e-14, 2.59835122271049534908e-14))))

Corresponding original subexpressions:
1: rnd64_up(x)
2: rnd[64,up,2.00,-53,0]((rnd64_up(x) + 1))
3: rnd[64,up,2.00,-53,0](sqrt(rnd[64,up,2.00,-53,0]((rnd64_up(x) + 1))))
4: rnd[64,up,2.00,-53,0](sqrt(rnd64_up(x)))
5: rnd[64,up,2.00,-53,0]((rnd[64,up,2.00,-53,0](sqrt(rnd[64,up,2.00,-53,0]((rnd64_up(x) + 1)))) + rnd[64,up,2.00,-53,0](sqrt(rnd64_up(x)))))
6: rnd64_up((1 / rnd[64,up,2.00,-53,0]((rnd[64,up,2.00,-53,0](sqrt(rnd[64,up,2.00,-53,0]((rnd64_up(x) + 1)))) + rnd[64,up,2.00,-53,0](sqrt(rnd64_up(x)))))))

Selected optimization method: bb-eval
bb-eval_opt: x_abs_tol = 1.000000e-02, f_rel_tol = 1.000000e-02, f_abs_tol = 1.000000e-02, iters = 1000000
bounds: [1.580744e-02, 4.142136e-01]

Computing absolute errors
Selected optimization method: bb-eval
bb-eval_opt: x_abs_tol = 1.000000e-02, f_rel_tol = 1.000000e-02, f_abs_tol = 1.000000e-02, iters = 1000000
rmin(result = 2.070879e-11, lower = 2.070879e-11), rmax(result = 2.070879e-11, lower = 2.070879e-11)
-1: exp = -53: 2.070879e-11 (low = 2.070879e-11, subopt = 0.0%)

Solving the exact optimization problem
Selected optimization method: bb-eval
bb-eval_opt: x_abs_tol = 1.000000e-02, f_rel_tol = 1.000000e-02, f_abs_tol = 1.000000e-02, iters = 1000000
exact bound (exp = -53): 2.408117e+00 (low = 2.385132e+00, subopt = 1.0%)
total2: 2.299137e-27 (low = 2.299137e-27, subopt = 0.0%)
exact total: 2.673547e-16 (low = 2.648028e-16, subopt = 1.0%)

Computing relative errors
Selected optimization method: bb-eval
bb-eval_opt: x_abs_tol = 1.000000e-02, f_rel_tol = 1.000000e-02, f_abs_tol = 1.000000e-02, iters = 1000000
rmin(result = 2.070879e-11, lower = 2.070879e-11), rmax(result = 2.070879e-11, lower = 2.070879e-11)
-1: exp = -53: 2.070879e-11 (low = 2.070879e-11, subopt = 0.0%)

Solving the exact optimization problem
Selected optimization method: bb-eval
bb-eval_opt: x_abs_tol = 1.000000e-02, f_rel_tol = 1.000000e-02, f_abs_tol = 1.000000e-02, iters = 1000000
exact bound-rel (exp = -53): 6.512640e+00 (low = 6.492319e+00, subopt = 0.3%)
total2: 1.454466e-25 (low = 5.550608e-27, subopt = 96.2%)
exact total-rel: 7.230483e-16 (low = 7.207922e-16, subopt = 0.3%)

Elapsed time: 0.03080
*************************************

-------------------------------------------------------------------------------
Problem: sqrt_add

Optimization lower bounds for error models:
The absolute error (exact) model: 2.648028e-16 (0x1.314c00f37bb73p-52) (suboptimality = 1.0%)
The relative error (exact) model: 7.207922e-16 (0x1.9f822948c6575p-51) (suboptimality = 0.3%)

Bounds (without rounding): [1.580743e-2, 4.142136e-1]
Bounds (floating-point): [1.580743e-2, 4.142136e-1]

Absolute error (exact): 2.673547e-16 (0x1.343d2cc25e288p-52)
Relative error (exact): 7.230484e-16 (0x1.a0cf193b686d3p-51)

Elapsed time: 0.03

